[SQL]: Executed (default): SELECT 1+1 AS result
[SQL]: Executed (default): SELECT TABLE_NAME FROM INFORMATION_SCHEMA.TABLES WHERE TABLE_TYPE = 'BASE TABLE' AND TABLE_NAME = 'stocks' AND TABLE_SCHEMA = 'mydb'
[SQL]: Executed (default): SHOW INDEX FROM `stocks`
[SQL]: Executed (default): SELECT `id`, `name`, `code`, `rsi`, `price`, `price_date`, `last_div_date`, `last_div_amount`, `latest_eps`, `latest_rev`, `dividend_yield`, `forward_pe`, `rev_q1`, `rev_q2`, `rev_q3`, `rev_q4`, `ni_q1`, `ni_q2`, `ni_q3`, `ni_q4`, `prev_rev_q1`, `prev_rev_q2`, `prev_rev_q3`, `prev_rev_q4`, `prev_ni_q1`, `prev_ni_q2`, `prev_ni_q3`, `prev_ni_q4`, `cat_33_name`, `cat_17_name`, `buy_price`, `sell_price`, `shares`, `favorite`, `createdAt`, `updatedAt` FROM `stocks` AS `Stock`;
[SQL]: Executed (default): UPDATE `stocks` SET `favorite`=?,`updatedAt`=? WHERE `code` = ?
[SQL]: Executed (default): UPDATE `stocks` SET `favorite`=?,`updatedAt`=? WHERE `code` = ?
[SQL]: Executed (default): UPDATE `stocks` SET `favorite`=?,`updatedAt`=? WHERE `code` = ?
[SQL]: Executed (default): SELECT `id`, `name`, `code`, `rsi`, `price`, `price_date`, `last_div_date`, `last_div_amount`, `latest_eps`, `latest_rev`, `dividend_yield`, `forward_pe`, `rev_q1`, `rev_q2`, `rev_q3`, `rev_q4`, `ni_q1`, `ni_q2`, `ni_q3`, `ni_q4`, `prev_rev_q1`, `prev_rev_q2`, `prev_rev_q3`, `prev_rev_q4`, `prev_ni_q1`, `prev_ni_q2`, `prev_ni_q3`, `prev_ni_q4`, `cat_33_name`, `cat_17_name`, `buy_price`, `sell_price`, `shares`, `favorite`, `createdAt`, `updatedAt` FROM `stocks` AS `Stock`;
[SQL]: Executed (default): UPDATE `stocks` SET `favorite`=?,`updatedAt`=? WHERE `code` = ?
[SQL]: Executed (default): UPDATE `stocks` SET `favorite`=?,`updatedAt`=? WHERE `code` = ?
[SQL]: Executed (default): SELECT `id`, `name`, `code`, `rsi`, `price`, `price_date`, `last_div_date`, `last_div_amount`, `latest_eps`, `latest_rev`, `dividend_yield`, `forward_pe`, `rev_q1`, `rev_q2`, `rev_q3`, `rev_q4`, `ni_q1`, `ni_q2`, `ni_q3`, `ni_q4`, `prev_rev_q1`, `prev_rev_q2`, `prev_rev_q3`, `prev_rev_q4`, `prev_ni_q1`, `prev_ni_q2`, `prev_ni_q3`, `prev_ni_q4`, `cat_33_name`, `cat_17_name`, `buy_price`, `sell_price`, `shares`, `favorite`, `createdAt`, `updatedAt` FROM `stocks` AS `Stock`;
[SQL]: Executed (default): SELECT `id`, `name`, `code`, `rsi`, `price`, `price_date`, `last_div_date`, `last_div_amount`, `latest_eps`, `latest_rev`, `dividend_yield`, `forward_pe`, `rev_q1`, `rev_q2`, `rev_q3`, `rev_q4`, `ni_q1`, `ni_q2`, `ni_q3`, `ni_q4`, `prev_rev_q1`, `prev_rev_q2`, `prev_rev_q3`, `prev_rev_q4`, `prev_ni_q1`, `prev_ni_q2`, `prev_ni_q3`, `prev_ni_q4`, `cat_33_name`, `cat_17_name`, `buy_price`, `sell_price`, `shares`, `favorite`, `createdAt`, `updatedAt` FROM `stocks` AS `Stock`;
[SQL]: Executed (default): UPDATE `stocks` SET `favorite`=?,`updatedAt`=? WHERE `code` = ?
[SQL]: Executed (default): SELECT 1+1 AS result
[SQL]: Executed (default): SELECT TABLE_NAME FROM INFORMATION_SCHEMA.TABLES WHERE TABLE_TYPE = 'BASE TABLE' AND TABLE_NAME = 'stocks' AND TABLE_SCHEMA = 'mydb'
[SQL]: Executed (default): SHOW INDEX FROM `stocks`
[SQL]: Executed (default): SELECT `id`, `name`, `code`, `rsi`, `price`, `price_date`, `last_div_date`, `last_div_amount`, `latest_eps`, `latest_rev`, `dividend_yield`, `forward_pe`, `rev_q1`, `rev_q2`, `rev_q3`, `rev_q4`, `ni_q1`, `ni_q2`, `ni_q3`, `ni_q4`, `prev_rev_q1`, `prev_rev_q2`, `prev_rev_q3`, `prev_rev_q4`, `prev_ni_q1`, `prev_ni_q2`, `prev_ni_q3`, `prev_ni_q4`, `cat_33_name`, `cat_17_name`, `buy_price`, `sell_price`, `shares`, `favorite`, `createdAt`, `updatedAt` FROM `stocks` AS `Stock`;
[SQL]: Executed (default): UPDATE `stocks` SET `favorite`=?,`updatedAt`=? WHERE `code` = ?
[SQL]: Executed (default): UPDATE `stocks` SET `favorite`=?,`updatedAt`=? WHERE `code` = ?
[SQL]: Executed (default): UPDATE `stocks` SET `favorite`=?,`updatedAt`=? WHERE `code` = ?
[SQL]: Executed (default): UPDATE `stocks` SET `favorite`=?,`updatedAt`=? WHERE `code` = ?
[SQL]: Executed (default): UPDATE `stocks` SET `favorite`=?,`updatedAt`=? WHERE `code` = ?
[SQL]: Executed (default): UPDATE `stocks` SET `favorite`=?,`updatedAt`=? WHERE `code` = ?
[SQL]: Executed (default): UPDATE `stocks` SET `sell_price`=?,`updatedAt`=? WHERE `code` = ?
[SQL]: Executed (default): UPDATE `stocks` SET `sell_price`=?,`updatedAt`=? WHERE `code` = ?
[SQL]: Executed (default): UPDATE `stocks` SET `favorite`=?,`updatedAt`=? WHERE `code` = ?
[SQL]: Executed (default): UPDATE `stocks` SET `favorite`=?,`updatedAt`=? WHERE `code` = ?
[SQL]: Executed (default): SELECT `id`, `name`, `code`, `rsi`, `price`, `price_date`, `last_div_date`, `last_div_amount`, `latest_eps`, `latest_rev`, `dividend_yield`, `forward_pe`, `rev_q1`, `rev_q2`, `rev_q3`, `rev_q4`, `ni_q1`, `ni_q2`, `ni_q3`, `ni_q4`, `prev_rev_q1`, `prev_rev_q2`, `prev_rev_q3`, `prev_rev_q4`, `prev_ni_q1`, `prev_ni_q2`, `prev_ni_q3`, `prev_ni_q4`, `cat_33_name`, `cat_17_name`, `buy_price`, `sell_price`, `shares`, `favorite`, `createdAt`, `updatedAt` FROM `stocks` AS `Stock`;
